This file contains any messages produced by compilers while
running configure, to aid debugging if configure makes a mistake.

It was created by libvorbis configure 1.3.3, which was
generated by GNU Autoconf 2.68.  Invocation command line was

  $ ./configure --with-ogg=../libogg-1.3.0/prefix

## --------- ##
## Platform. ##
## --------- ##

hostname = termits-MacBook-Pro.local
uname -m = x86_64
uname -r = 12.2.0
uname -s = Darwin
uname -v = Darwin Kernel Version 12.2.0: Sat Aug 25 00:48:52 PDT 2012; root:xnu-2050.18.24~1/RELEASE_X86_64

/usr/bin/uname -p = i386
/bin/uname -X     = unknown

/bin/arch              = unknown
/usr/bin/arch -k       = unknown
/usr/convex/getsysinfo = unknown
/usr/bin/hostinfo      = Mach kernel version:
	 Darwin Kernel Version 12.2.0: Sat Aug 25 00:48:52 PDT 2012; root:xnu-2050.18.24~1/RELEASE_X86_64
Kernel configured for up to 8 processors.
4 processors are physically available.
8 processors are logically available.
Processor type: i486 (Intel 80486)
Processors active: 0 1 2 3 4 5 6 7
Primary memory available: 8.00 gigabytes
Default processor set: 169 tasks, 924 threads, 8 processors
Load average: 2.17, Mach factor: 5.82
/bin/machine           = unknown
/usr/bin/oslevel       = unknown
/bin/universe          = unknown

PATH: /Users/termit/.rbenv/shims
PATH: /Users/termit/.rbenv/bin
PATH: /usr/bin
PATH: /bin
PATH: /usr/sbin
PATH: /sbin
PATH: /usr/local/bin
PATH: /opt/X11/bin
PATH: /opt/local/bin
PATH: /android-ndk-r6b
PATH: /Users/termit/.rvm/bin
PATH: /Users/termit/.rvm/bin


## ----------- ##
## Core tests. ##
## ----------- ##

configure:2328: checking build system type
configure:2342: result: i386-apple-darwin12.2.0
configure:2362: checking host system type
configure:2375: result: i386-apple-darwin12.2.0
configure:2395: checking target system type
configure:2408: result: i386-apple-darwin12.2.0
configure:2451: checking for a BSD-compatible install
configure:2519: result: /usr/bin/install -c
configure:2530: checking whether build environment is sane
configure:2580: result: yes
configure:2721: checking for a thread-safe mkdir -p
configure:2760: result: ./install-sh -c -d
configure:2773: checking for gawk
configure:2803: result: no
configure:2773: checking for mawk
configure:2803: result: no
configure:2773: checking for nawk
configure:2803: result: no
configure:2773: checking for awk
configure:2789: found /usr/bin/awk
configure:2800: result: awk
configure:2811: checking whether make sets $(MAKE)
configure:2833: result: yes
configure:2914: checking whether to enable maintainer-specific portions of Makefiles
configure:2923: result: no
configure:3015: checking for gcc
configure:3031: found /usr/bin/gcc
configure:3042: result: gcc
configure:3271: checking for C compiler version
configure:3280: gcc --version >&5
i686-apple-darwin11-llvm-gcc-4.2 (GCC) 4.2.1 (Based on Apple Inc. build 5658) (LLVM build 2336.11.00)
Copyright (C) 2007 Free Software Foundation, Inc.
This is free software; see the source for copying conditions.  There is NO
warranty; not even for MERCHANTABILITY or FITNESS FOR A PARTICULAR PURPOSE.

configure:3291: $? = 0
configure:3280: gcc -v >&5
Using built-in specs.
Target: i686-apple-darwin11
Configured with: /private/var/tmp/llvmgcc42/llvmgcc42-2336.11~67/src/configure --disable-checking --enable-werror --prefix=/Applications/Xcode.app/Contents/Developer/usr/llvm-gcc-4.2 --mandir=/share/man --enable-languages=c,objc,c++,obj-c++ --program-prefix=llvm- --program-transform-name=/^[cg][^.-]*$/s/$/-4.2/ --with-slibdir=/usr/lib --build=i686-apple-darwin11 --enable-llvm=/private/var/tmp/llvmgcc42/llvmgcc42-2336.11~67/dst-llvmCore/Developer/usr/local --program-prefix=i686-apple-darwin11- --host=x86_64-apple-darwin11 --target=i686-apple-darwin11 --with-gxx-include-dir=/usr/include/c++/4.2.1
Thread model: posix
gcc version 4.2.1 (Based on Apple Inc. build 5658) (LLVM build 2336.11.00)
configure:3291: $? = 0
configure:3280: gcc -V >&5
llvm-gcc-4.2: argument to `-V' is missing
configure:3291: $? = 1
configure:3280: gcc -qversion >&5
i686-apple-darwin11-llvm-gcc-4.2: no input files
configure:3291: $? = 1
configure:3311: checking whether the C compiler works
configure:3333: gcc    conftest.c  >&5
configure:3337: $? = 0
configure:3385: result: yes
configure:3388: checking for C compiler default output file name
configure:3390: result: a.out
configure:3396: checking for suffix of executables
configure:3403: gcc -o conftest    conftest.c  >&5
configure:3407: $? = 0
configure:3429: result: 
configure:3451: checking whether we are cross compiling
configure:3459: gcc -o conftest    conftest.c  >&5
configure:3463: $? = 0
configure:3470: ./conftest
configure:3474: $? = 0
configure:3489: result: no
configure:3494: checking for suffix of object files
configure:3516: gcc -c   conftest.c >&5
configure:3520: $? = 0
configure:3541: result: o
configure:3545: checking whether we are using the GNU C compiler
configure:3564: gcc -c   conftest.c >&5
configure:3564: $? = 0
configure:3573: result: yes
configure:3582: checking whether gcc accepts -g
configure:3602: gcc -c -g  conftest.c >&5
configure:3602: $? = 0
configure:3643: result: yes
configure:3660: checking for gcc option to accept ISO C89
configure:3724: gcc  -c -g -O2  conftest.c >&5
configure:3724: $? = 0
configure:3737: result: none needed
configure:3768: checking for style of include used by make
configure:3796: result: GNU
configure:3821: checking dependency style of gcc
configure:3931: result: gcc3
configure:3951: checking how to run the C preprocessor
configure:3982: gcc -E  conftest.c
configure:3982: $? = 0
configure:3996: gcc -E  conftest.c
conftest.c:11:28: error: ac_nonexistent.h: No such file or directory
configure:3996: $? = 1
configure: failed program was:
| /* confdefs.h */
| #define PACKAGE_NAME "libvorbis"
| #define PACKAGE_TARNAME "libvorbis"
| #define PACKAGE_VERSION "1.3.3"
| #define PACKAGE_STRING "libvorbis 1.3.3"
| #define PACKAGE_BUGREPORT "vorbis-dev@xiph.org"
| #define PACKAGE_URL ""
| #define PACKAGE "libvorbis"
| #define VERSION "1.3.3"
| /* end confdefs.h.  */
| #include <ac_nonexistent.h>
configure:4021: result: gcc -E
configure:4041: gcc -E  conftest.c
configure:4041: $? = 0
configure:4055: gcc -E  conftest.c
conftest.c:11:28: error: ac_nonexistent.h: No such file or directory
configure:4055: $? = 1
configure: failed program was:
| /* confdefs.h */
| #define PACKAGE_NAME "libvorbis"
| #define PACKAGE_TARNAME "libvorbis"
| #define PACKAGE_VERSION "1.3.3"
| #define PACKAGE_STRING "libvorbis 1.3.3"
| #define PACKAGE_BUGREPORT "vorbis-dev@xiph.org"
| #define PACKAGE_URL ""
| #define PACKAGE "libvorbis"
| #define VERSION "1.3.3"
| /* end confdefs.h.  */
| #include <ac_nonexistent.h>
configure:4086: checking for inline
configure:4102: gcc -c   conftest.c >&5
configure:4102: $? = 0
configure:4110: result: inline
configure:4478: checking how to print strings
configure:4505: result: printf
configure:4526: checking for a sed that does not truncate output
configure:4590: result: /usr/bin/sed
configure:4608: checking for grep that handles long lines and -e
configure:4666: result: /usr/bin/grep
configure:4671: checking for egrep
configure:4733: result: /usr/bin/grep -E
configure:4738: checking for fgrep
configure:4800: result: /usr/bin/grep -F
configure:4835: checking for ld used by gcc
configure:4902: result: /usr/llvm-gcc-4.2/libexec/gcc/i686-apple-darwin11/4.2.1/ld
configure:4909: checking if the linker (/usr/llvm-gcc-4.2/libexec/gcc/i686-apple-darwin11/4.2.1/ld) is GNU ld
configure:4924: result: no
configure:4936: checking for BSD- or MS-compatible name lister (nm)
configure:4985: result: /usr/bin/nm
configure:5115: checking the name lister (/usr/bin/nm) interface
configure:5122: gcc -c   conftest.c >&5
configure:5125: /usr/bin/nm "conftest.o"
configure:5128: output
0000000000000000 S _some_variable
configure:5135: result: BSD nm
configure:5138: checking whether ln -s works
configure:5142: result: yes
configure:5150: checking the maximum length of command line arguments
configure:5275: result: 196608
configure:5292: checking whether the shell understands some XSI constructs
configure:5302: result: yes
configure:5306: checking whether the shell understands "+="
configure:5312: result: yes
configure:5347: checking how to convert i386-apple-darwin12.2.0 file names to i386-apple-darwin12.2.0 format
configure:5387: result: func_convert_file_noop
configure:5394: checking how to convert i386-apple-darwin12.2.0 file names to toolchain format
configure:5414: result: func_convert_file_noop
configure:5421: checking for /usr/llvm-gcc-4.2/libexec/gcc/i686-apple-darwin11/4.2.1/ld option to reload object files
configure:5428: result: -r
configure:5502: checking for objdump
configure:5529: result: objdump
configure:5558: checking how to recognize dependent libraries
configure:5760: result: pass_all
configure:5845: checking for dlltool
configure:5872: result: dlltool
configure:5902: checking how to associate runtime and link libraries
configure:5929: result: printf %s\n
configure:5989: checking for ar
configure:6005: found /usr/bin/ar
configure:6016: result: ar
configure:6053: checking for archiver @FILE support
configure:6070: gcc -c   conftest.c >&5
configure:6070: $? = 0
configure:6073: ar cru libconftest.a @conftest.lst >&5
ar: @conftest.lst: No such file or directory
configure:6076: $? = 1
configure:6096: result: no
configure:6154: checking for strip
configure:6170: found /usr/bin/strip
configure:6181: result: strip
configure:6253: checking for ranlib
configure:6269: found /usr/bin/ranlib
configure:6280: result: ranlib
configure:6382: checking command to parse /usr/bin/nm output from gcc object
configure:6501: gcc -c   conftest.c >&5
configure:6504: $? = 0
configure:6508: /usr/bin/nm conftest.o \| sed -n -e 's/^.*[ ]\([BCDEGRST][BCDEGRST]*\)[ ][ ]*\([_A-Za-z][_A-Za-z0-9]*\)$/\1 \2 \2/p' | sed '/ __gnu_lto/d' \> conftest.nm
configure:6511: $? = 0
cannot find nm_test_var in conftest.nm
configure:6501: gcc -c   conftest.c >&5
configure:6504: $? = 0
configure:6508: /usr/bin/nm conftest.o \| sed -n -e 's/^.*[ ]\([BCDEGRST][BCDEGRST]*\)[ ][ ]*_\([_A-Za-z][_A-Za-z0-9]*\)$/\1 _\2 \2/p' | sed '/ __gnu_lto/d' \> conftest.nm
configure:6511: $? = 0
configure:6577: gcc -o conftest    conftest.c conftstm.o >&5
configure:6580: $? = 0
configure:6618: result: ok
configure:6655: checking for sysroot
configure:6685: result: no
configure:6928: checking for mt
configure:6958: result: no
configure:6978: checking if : is a manifest tool
configure:6984: : '-?'
configure:6992: result: no
configure:7048: checking for dsymutil
configure:7064: found /usr/bin/dsymutil
configure:7075: result: dsymutil
configure:7140: checking for nmedit
configure:7156: found /usr/bin/nmedit
configure:7167: result: nmedit
configure:7232: checking for lipo
configure:7248: found /usr/bin/lipo
configure:7259: result: lipo
configure:7324: checking for otool
configure:7340: found /usr/bin/otool
configure:7351: result: otool
configure:7416: checking for otool64
configure:7446: result: no
configure:7491: checking for -single_module linker flag
gcc   -o libconftest.dylib -dynamiclib -Wl,-single_module conftest.c
configure:7518: result: yes
configure:7520: checking for -exported_symbols_list linker flag
configure:7540: gcc -o conftest    -Wl,-exported_symbols_list,conftest.sym conftest.c  >&5
configure:7540: $? = 0
configure:7550: result: yes
configure:7552: checking for -force_load linker flag
gcc  -c -o conftest.o conftest.c
ar cru libconftest.a conftest.o
ranlib libconftest.a
gcc   -o conftest conftest.c -Wl,-force_load,./libconftest.a
configure:7582: result: yes
configure:7620: checking for ANSI C header files
configure:7640: gcc -c   conftest.c >&5
configure:7640: $? = 0
configure:7713: gcc -o conftest    conftest.c  >&5
configure:7713: $? = 0
configure:7713: ./conftest
configure:7713: $? = 0
configure:7724: result: yes
configure:7737: checking for sys/types.h
configure:7737: gcc -c   conftest.c >&5
configure:7737: $? = 0
configure:7737: result: yes
configure:7737: checking for sys/stat.h
configure:7737: gcc -c   conftest.c >&5
configure:7737: $? = 0
configure:7737: result: yes
configure:7737: checking for stdlib.h
configure:7737: gcc -c   conftest.c >&5
configure:7737: $? = 0
configure:7737: result: yes
configure:7737: checking for string.h
configure:7737: gcc -c   conftest.c >&5
configure:7737: $? = 0
configure:7737: result: yes
configure:7737: checking for memory.h
configure:7737: gcc -c   conftest.c >&5
configure:7737: $? = 0
configure:7737: result: yes
configure:7737: checking for strings.h
configure:7737: gcc -c   conftest.c >&5
configure:7737: $? = 0
configure:7737: result: yes
configure:7737: checking for inttypes.h
configure:7737: gcc -c   conftest.c >&5
configure:7737: $? = 0
configure:7737: result: yes
configure:7737: checking for stdint.h
configure:7737: gcc -c   conftest.c >&5
configure:7737: $? = 0
configure:7737: result: yes
configure:7737: checking for unistd.h
configure:7737: gcc -c   conftest.c >&5
configure:7737: $? = 0
configure:7737: result: yes
configure:7751: checking for dlfcn.h
configure:7751: gcc -c   conftest.c >&5
configure:7751: $? = 0
configure:7751: result: yes
configure:7936: checking for objdir
configure:7951: result: .libs
configure:8218: checking if gcc supports -fno-rtti -fno-exceptions
configure:8236: gcc -c   -fno-rtti -fno-exceptions conftest.c >&5
cc1: warning: command line option "-fno-rtti" is valid for C++/ObjC++ but not for C
configure:8240: $? = 0
configure:8253: result: no
configure:8563: checking for gcc option to produce PIC
configure:8570: result: -fno-common -DPIC
configure:8578: checking if gcc PIC flag -fno-common -DPIC works
configure:8596: gcc -c   -fno-common -DPIC -DPIC conftest.c >&5
configure:8600: $? = 0
configure:8613: result: yes
configure:8642: checking if gcc static flag -static works
configure:8670: result: no
configure:8685: checking if gcc supports -c -o file.o
configure:8706: gcc -c   -o out/conftest2.o conftest.c >&5
configure:8710: $? = 0
configure:8732: result: yes
configure:8740: checking if gcc supports -c -o file.o
configure:8787: result: yes
configure:8820: checking whether the gcc linker (/usr/llvm-gcc-4.2/libexec/gcc/i686-apple-darwin11/4.2.1/ld) supports shared libraries
configure:9982: result: yes
configure:10227: checking dynamic linker characteristics
configure:10976: result: darwin12.2.0 dyld
configure:11083: checking how to hardcode library paths into programs
configure:11108: result: immediate
configure:11648: checking whether stripping libraries is possible
configure:11662: result: yes
configure:11688: checking if libtool supports shared libraries
configure:11690: result: yes
configure:11693: checking whether to build shared libraries
configure:11714: result: yes
configure:11717: checking whether to build static libraries
configure:11721: result: yes
configure:11757: checking whether gcc and cc understand -c and -o together
configure:11788: gcc -c conftest.c -o conftest2.o >&5
configure:11792: $? = 0
configure:11798: gcc -c conftest.c -o conftest2.o >&5
configure:11802: $? = 0
configure:11813: cc -c conftest.c >&5
configure:11817: $? = 0
configure:11825: cc -c conftest.c -o conftest2.o >&5
configure:11829: $? = 0
configure:11835: cc -c conftest.c -o conftest2.o >&5
configure:11839: $? = 0
configure:11857: result: yes
configure:12085: checking GCC version
configure:12088: result: 4.2.1
configure:12229: checking if gcc accepts -Wdeclaration-after-statement
configure:12244: gcc -o conftest -DDARWIN -fno-common -force_cpusubtype_ALL -Wall -g -O4 -ffast-math -fsigned-char -Wdeclaration-after-statement   conftest.c  >&5
configure:12244: $? = 0
configure:12245: result: yes
configure:12259: checking for memory.h
configure:12259: result: yes
configure:12271: checking for cos in -lm
configure:12296: gcc -o conftest -DDARWIN -fno-common -force_cpusubtype_ALL -Wall -g -O4 -ffast-math -fsigned-char -Wdeclaration-after-statement  -DUSE_MEMORY_H   conftest.c -lm   >&5
conftest.c:30: warning: conflicting types for built-in function 'cos'
configure:12296: $? = 0
configure:12305: result: yes
configure:12313: checking for pthread_create in -lpthread
configure:12338: gcc -o conftest -DDARWIN -fno-common -force_cpusubtype_ALL -Wall -g -O4 -ffast-math -fsigned-char -Wdeclaration-after-statement  -DUSE_MEMORY_H   conftest.c -lpthread   >&5
configure:12338: $? = 0
configure:12347: result: yes
configure:12405: checking for pkg-config
configure:12423: found /usr/local/bin/pkg-config
configure:12435: result: /usr/local/bin/pkg-config
configure:12460: checking pkg-config is at least version 0.9.0
configure:12463: result: yes
configure:12478: checking for OGG
configure:12486: $PKG_CONFIG --exists --print-errors "ogg >= 1.0"
Package ogg was not found in the pkg-config search path.
Perhaps you should add the directory containing `ogg.pc'
to the PKG_CONFIG_PATH environment variable
No package 'ogg' found
configure:12489: $? = 1
configure:12504: $PKG_CONFIG --exists --print-errors "ogg >= 1.0"
Package ogg was not found in the pkg-config search path.
Perhaps you should add the directory containing `ogg.pc'
to the PKG_CONFIG_PATH environment variable
No package 'ogg' found
configure:12507: $? = 1
No package 'ogg' found
configure:12535: result: no
configure:12606: checking for Ogg
configure:12641: gcc -o conftest -DDARWIN -fno-common -force_cpusubtype_ALL -Wall -g -O4 -ffast-math -fsigned-char -Wdeclaration-after-statement  -DUSE_MEMORY_H -I../libogg-1.3.0/prefix/include   conftest.c  -L../libogg-1.3.0/prefix/lib -logg >&5
ld: warning: ignoring file ../libogg-1.3.0/prefix/lib/libogg.a, file was built for archive which is not the architecture being linked (x86_64): ../libogg-1.3.0/prefix/lib/libogg.a
configure:12641: $? = 0
configure:12641: ./conftest
configure:12641: $? = 0
configure:12659: result: yes
configure:12715: checking for oggpack_writealign
configure:12715: gcc -o conftest -DDARWIN -fno-common -force_cpusubtype_ALL -Wall -g -O4 -ffast-math -fsigned-char -Wdeclaration-after-statement  -DUSE_MEMORY_H   conftest.c -L../libogg-1.3.0/prefix/lib -logg -lm >&5
ld: warning: ignoring file ../libogg-1.3.0/prefix/lib/libogg.a, file was built for archive which is not the architecture being linked (x86_64): ../libogg-1.3.0/prefix/lib/libogg.a
Undefined symbols for architecture x86_64:
  "_oggpack_writealign", referenced from:
      _main in ccKbkYHX.o
ld: symbol(s) not found for architecture x86_64
collect2: ld returned 1 exit status
configure:12715: $? = 1
configure: failed program was:
| /* confdefs.h */
| #define PACKAGE_NAME "libvorbis"
| #define PACKAGE_TARNAME "libvorbis"
| #define PACKAGE_VERSION "1.3.3"
| #define PACKAGE_STRING "libvorbis 1.3.3"
| #define PACKAGE_BUGREPORT "vorbis-dev@xiph.org"
| #define PACKAGE_URL ""
| #define PACKAGE "libvorbis"
| #define VERSION "1.3.3"
| #define STDC_HEADERS 1
| #define HAVE_SYS_TYPES_H 1
| #define HAVE_SYS_STAT_H 1
| #define HAVE_STDLIB_H 1
| #define HAVE_STRING_H 1
| #define HAVE_MEMORY_H 1
| #define HAVE_STRINGS_H 1
| #define HAVE_INTTYPES_H 1
| #define HAVE_STDINT_H 1
| #define HAVE_UNISTD_H 1
| #define HAVE_DLFCN_H 1
| #define LT_OBJDIR ".libs/"
| /* end confdefs.h.  */
| /* Define oggpack_writealign to an innocuous variant, in case <limits.h> declares oggpack_writealign.
|    For example, HP-UX 11i <limits.h> declares gettimeofday.  */
| #define oggpack_writealign innocuous_oggpack_writealign
| 
| /* System header to define __stub macros and hopefully few prototypes,
|     which can conflict with char oggpack_writealign (); below.
|     Prefer <limits.h> to <assert.h> if __STDC__ is defined, since
|     <limits.h> exists even on freestanding compilers.  */
| 
| #ifdef __STDC__
| # include <limits.h>
| #else
| # include <assert.h>
| #endif
| 
| #undef oggpack_writealign
| 
| /* Override any GCC internal prototype to avoid an error.
|    Use char because int might match the return type of a GCC
|    builtin and then its argument prototype would still apply.  */
| #ifdef __cplusplus
| extern "C"
| #endif
| char oggpack_writealign ();
| /* The GNU C library defines this for functions which it implements
|     to always fail with ENOSYS.  Some functions are actually named
|     something starting with __ and the normal name is an alias.  */
| #if defined __stub_oggpack_writealign || defined __stub___oggpack_writealign
| choke me
| #endif
| 
| int
| main ()
| {
| return oggpack_writealign ();
|   ;
|   return 0;
| }
configure:12715: result: no
configure:12719: error: Ogg >= 1.0 required !

## ---------------- ##
## Cache variables. ##
## ---------------- ##

ac_cv_build=i386-apple-darwin12.2.0
ac_cv_c_compiler_gnu=yes
ac_cv_c_inline=inline
ac_cv_env_CC_set=
ac_cv_env_CC_value=
ac_cv_env_CFLAGS_set=
ac_cv_env_CFLAGS_value=
ac_cv_env_CPPFLAGS_set=
ac_cv_env_CPPFLAGS_value=
ac_cv_env_CPP_set=
ac_cv_env_CPP_value=
ac_cv_env_LDFLAGS_set=
ac_cv_env_LDFLAGS_value=
ac_cv_env_LIBS_set=
ac_cv_env_LIBS_value=
ac_cv_env_OGG_CFLAGS_set=
ac_cv_env_OGG_CFLAGS_value=
ac_cv_env_OGG_LIBS_set=
ac_cv_env_OGG_LIBS_value=
ac_cv_env_PKG_CONFIG_set=
ac_cv_env_PKG_CONFIG_value=
ac_cv_env_build_alias_set=
ac_cv_env_build_alias_value=
ac_cv_env_host_alias_set=
ac_cv_env_host_alias_value=
ac_cv_env_target_alias_set=
ac_cv_env_target_alias_value=
ac_cv_func_oggpack_writealign=no
ac_cv_header_dlfcn_h=yes
ac_cv_header_inttypes_h=yes
ac_cv_header_memory_h=yes
ac_cv_header_stdc=yes
ac_cv_header_stdint_h=yes
ac_cv_header_stdlib_h=yes
ac_cv_header_string_h=yes
ac_cv_header_strings_h=yes
ac_cv_header_sys_stat_h=yes
ac_cv_header_sys_types_h=yes
ac_cv_header_unistd_h=yes
ac_cv_host=i386-apple-darwin12.2.0
ac_cv_lib_m_cos=yes
ac_cv_lib_pthread_pthread_create=yes
ac_cv_objext=o
ac_cv_path_EGREP='/usr/bin/grep -E'
ac_cv_path_FGREP='/usr/bin/grep -F'
ac_cv_path_GREP=/usr/bin/grep
ac_cv_path_SED=/usr/bin/sed
ac_cv_path_ac_pt_PKG_CONFIG=/usr/local/bin/pkg-config
ac_cv_path_install='/usr/bin/install -c'
ac_cv_prog_AWK=awk
ac_cv_prog_CPP='gcc -E'
ac_cv_prog_ac_ct_AR=ar
ac_cv_prog_ac_ct_CC=gcc
ac_cv_prog_ac_ct_DLLTOOL=dlltool
ac_cv_prog_ac_ct_DSYMUTIL=dsymutil
ac_cv_prog_ac_ct_LIPO=lipo
ac_cv_prog_ac_ct_NMEDIT=nmedit
ac_cv_prog_ac_ct_OBJDUMP=objdump
ac_cv_prog_ac_ct_OTOOL=otool
ac_cv_prog_ac_ct_RANLIB=ranlib
ac_cv_prog_ac_ct_STRIP=strip
ac_cv_prog_cc_c89=
ac_cv_prog_cc_g=yes
ac_cv_prog_cc_gcc_c_o=yes
ac_cv_prog_make_make_set=yes
ac_cv_target=i386-apple-darwin12.2.0
am_cv_CC_dependencies_compiler_type=gcc3
lt_cv_apple_cc_single_mod=yes
lt_cv_ar_at_file=no
lt_cv_deplibs_check_method=pass_all
lt_cv_file_magic_cmd='$MAGIC_CMD'
lt_cv_file_magic_test_file=
lt_cv_ld_exported_symbols_list=yes
lt_cv_ld_force_load=yes
lt_cv_ld_reload_flag=-r
lt_cv_nm_interface='BSD nm'
lt_cv_objdir=.libs
lt_cv_path_LD=/usr/llvm-gcc-4.2/libexec/gcc/i686-apple-darwin11/4.2.1/ld
lt_cv_path_NM=/usr/bin/nm
lt_cv_path_mainfest_tool=no
lt_cv_prog_compiler_c_o=yes
lt_cv_prog_compiler_pic='-fno-common -DPIC'
lt_cv_prog_compiler_pic_works=yes
lt_cv_prog_compiler_rtti_exceptions=no
lt_cv_prog_compiler_static_works=no
lt_cv_prog_gnu_ld=no
lt_cv_sharedlib_from_linklib_cmd='printf %s\n'
lt_cv_sys_global_symbol_pipe='sed -n -e '\''s/^.*[	 ]\([BCDEGRST][BCDEGRST]*\)[	 ][	 ]*_\([_A-Za-z][_A-Za-z0-9]*\)$/\1 _\2 \2/p'\'' | sed '\''/ __gnu_lto/d'\'''
lt_cv_sys_global_symbol_to_c_name_address='sed -n -e '\''s/^: \([^ ]*\)[ ]*$/  {\"\1\", (void *) 0},/p'\'' -e '\''s/^[BCDEGRST]* \([^ ]*\) \([^ ]*\)$/  {"\2", (void *) \&\2},/p'\'''
lt_cv_sys_global_symbol_to_c_name_address_lib_prefix='sed -n -e '\''s/^: \([^ ]*\)[ ]*$/  {\"\1\", (void *) 0},/p'\'' -e '\''s/^[BCDEGRST]* \([^ ]*\) \(lib[^ ]*\)$/  {"\2", (void *) \&\2},/p'\'' -e '\''s/^[BCDEGRST]* \([^ ]*\) \([^ ]*\)$/  {"lib\2", (void *) \&\2},/p'\'''
lt_cv_sys_global_symbol_to_cdecl='sed -n -e '\''s/^T .* \(.*\)$/extern int \1();/p'\'' -e '\''s/^[BCDEGRST]* .* \(.*\)$/extern char \1;/p'\'''
lt_cv_sys_max_cmd_len=196608
lt_cv_to_host_file_cmd=func_convert_file_noop
lt_cv_to_tool_file_cmd=func_convert_file_noop

## ----------------- ##
## Output variables. ##
## ----------------- ##

ACLOCAL='${SHELL} /Users/termit/projects/duke3d/thirdparty/sources/libvorbis-1.3.3/missing --run aclocal-1.11'
ACLOCAL_AMFLAGS='-I m4'
ALLOCA=''
AMDEPBACKSLASH='\'
AMDEP_FALSE='#'
AMDEP_TRUE=''
AMTAR='${SHELL} /Users/termit/projects/duke3d/thirdparty/sources/libvorbis-1.3.3/missing --run tar'
AR='ar'
AS='as'
AUTOCONF='${SHELL} /Users/termit/projects/duke3d/thirdparty/sources/libvorbis-1.3.3/missing --run autoconf'
AUTOHEADER='${SHELL} /Users/termit/projects/duke3d/thirdparty/sources/libvorbis-1.3.3/missing --run autoheader'
AUTOMAKE='${SHELL} /Users/termit/projects/duke3d/thirdparty/sources/libvorbis-1.3.3/missing --run automake-1.11'
AWK='awk'
BUILD_DOCS_FALSE=''
BUILD_DOCS_TRUE='#'
BUILD_EXAMPLES_FALSE=''
BUILD_EXAMPLES_TRUE='#'
CC='gcc'
CCDEPMODE='depmode=gcc3'
CFLAGS='-DDARWIN -fno-common -force_cpusubtype_ALL -Wall -g -O4 -ffast-math -fsigned-char -Wdeclaration-after-statement  -DUSE_MEMORY_H'
CPP='gcc -E'
CPPFLAGS=''
CYGPATH_W='echo'
DEBUG='-DDARWIN -fno-common -force_cpusubtype_ALL -Wall -g -O0 -fsigned-char'
DEFS=''
DEPDIR='.deps'
DLLTOOL='dlltool'
DSYMUTIL='dsymutil'
DUMPBIN=''
ECHO_C='\c'
ECHO_N=''
ECHO_T=''
EGREP='/usr/bin/grep -E'
EXEEXT=''
FGREP='/usr/bin/grep -F'
GREP='/usr/bin/grep'
HAVE_DOXYGEN='false'
HAVE_DOXYGEN_FALSE=''
HAVE_DOXYGEN_TRUE='#'
HTLATEX=''
INSTALL_DATA='${INSTALL} -m 644'
INSTALL_PROGRAM='${INSTALL}'
INSTALL_SCRIPT='${INSTALL}'
INSTALL_STRIP_PROGRAM='$(install_sh) -c -s'
LD='/usr/llvm-gcc-4.2/libexec/gcc/i686-apple-darwin11/4.2.1/ld'
LDFLAGS=''
LIBOBJS=''
LIBS='-L../libogg-1.3.0/prefix/lib -logg -lm'
LIBTOOL='$(SHELL) $(top_builddir)/libtool'
LIBTOOL_DEPS='./ltmain.sh'
LIPO='lipo'
LN_S='ln -s'
LTLIBOBJS=''
MAINT='#'
MAINTAINER_MODE_FALSE=''
MAINTAINER_MODE_TRUE='#'
MAKEINFO='${SHELL} /Users/termit/projects/duke3d/thirdparty/sources/libvorbis-1.3.3/missing --run makeinfo'
MANIFEST_TOOL=':'
MKDIR_P='./install-sh -c -d'
NM='/usr/bin/nm'
NMEDIT='nmedit'
OBJDUMP='objdump'
OBJEXT='o'
OGG_CFLAGS='-I../libogg-1.3.0/prefix/include'
OGG_LIBS='-L../libogg-1.3.0/prefix/lib -logg'
OTOOL64=':'
OTOOL='otool'
PACKAGE='libvorbis'
PACKAGE_BUGREPORT='vorbis-dev@xiph.org'
PACKAGE_NAME='libvorbis'
PACKAGE_STRING='libvorbis 1.3.3'
PACKAGE_TARNAME='libvorbis'
PACKAGE_URL=''
PACKAGE_VERSION='1.3.3'
PATH_SEPARATOR=':'
PDFLATEX=''
PKG_CONFIG='/usr/local/bin/pkg-config'
PROFILE='-DDARWIN -fno-common -force_cpusubtype_ALL -Wall -g -pg -O4 -ffast-math -fsigned-char'
RANLIB='ranlib'
SED='/usr/bin/sed'
SET_MAKE=''
SHELL='/bin/sh'
STRIP='strip'
VERSION='1.3.3'
VE_LIB_AGE='0'
VE_LIB_CURRENT='2'
VE_LIB_REVISION='9'
VF_LIB_AGE='3'
VF_LIB_CURRENT='6'
VF_LIB_REVISION='5'
VORBIS_LIBS='-lm'
V_LIB_AGE='4'
V_LIB_CURRENT='4'
V_LIB_REVISION='6'
ac_ct_AR='ar'
ac_ct_CC='gcc'
ac_ct_DUMPBIN=''
am__EXEEXT_FALSE=''
am__EXEEXT_TRUE=''
am__fastdepCC_FALSE='#'
am__fastdepCC_TRUE=''
am__include='include'
am__isrc=''
am__leading_dot='.'
am__quote=''
am__tar='${AMTAR} chof - "$$tardir"'
am__untar='${AMTAR} xf -'
bindir='${exec_prefix}/bin'
build='i386-apple-darwin12.2.0'
build_alias=''
build_cpu='i386'
build_os='darwin12.2.0'
build_vendor='apple'
datadir='${datarootdir}'
datarootdir='${prefix}/share'
docdir='${datarootdir}/doc/${PACKAGE_TARNAME}'
dvidir='${docdir}'
exec_prefix='NONE'
host='i386-apple-darwin12.2.0'
host_alias=''
host_cpu='i386'
host_os='darwin12.2.0'
host_vendor='apple'
htmldir='${docdir}'
includedir='${prefix}/include'
infodir='${datarootdir}/info'
install_sh='${SHELL} /Users/termit/projects/duke3d/thirdparty/sources/libvorbis-1.3.3/install-sh'
libdir='${exec_prefix}/lib'
libexecdir='${exec_prefix}/libexec'
localedir='${datarootdir}/locale'
localstatedir='${prefix}/var'
mandir='${datarootdir}/man'
mkdir_p='$(top_builddir)/./install-sh -c -d'
oldincludedir='/usr/include'
pdfdir='${docdir}'
prefix='NONE'
program_transform_name='s,x,x,'
psdir='${docdir}'
pthread_lib='-lpthread'
sbindir='${exec_prefix}/sbin'
sharedstatedir='${prefix}/com'
sysconfdir='${prefix}/etc'
target='i386-apple-darwin12.2.0'
target_alias=''
target_cpu='i386'
target_os='darwin12.2.0'
target_vendor='apple'

## ----------- ##
## confdefs.h. ##
## ----------- ##

/* confdefs.h */
#define PACKAGE_NAME "libvorbis"
#define PACKAGE_TARNAME "libvorbis"
#define PACKAGE_VERSION "1.3.3"
#define PACKAGE_STRING "libvorbis 1.3.3"
#define PACKAGE_BUGREPORT "vorbis-dev@xiph.org"
#define PACKAGE_URL ""
#define PACKAGE "libvorbis"
#define VERSION "1.3.3"
#define STDC_HEADERS 1
#define HAVE_SYS_TYPES_H 1
#define HAVE_SYS_STAT_H 1
#define HAVE_STDLIB_H 1
#define HAVE_STRING_H 1
#define HAVE_MEMORY_H 1
#define HAVE_STRINGS_H 1
#define HAVE_INTTYPES_H 1
#define HAVE_STDINT_H 1
#define HAVE_UNISTD_H 1
#define HAVE_DLFCN_H 1
#define LT_OBJDIR ".libs/"

configure: exit 1
